<?xml version="1.0" encoding="UTF-8"?>
<testng-results ignored="0" total="2" passed="2" failed="0" skipped="0">
  <reporter-output>
  </reporter-output>
  <suite started-at="2025-03-10T11:41:20 IST" name="Master Suite" finished-at="2025-03-10T11:41:42 IST" duration-ms="21589">
    <groups>
      <group name="Master">
        <method signature="TC001_AccountRegistrationTest.createObject()[pri:0, instance:testCases.TC001_AccountRegistrationTest@1458ed9c]" name="createObject" class="testCases.TC001_AccountRegistrationTest"/>
        <method signature="TC002_LoginTest.verify_login()[pri:0, instance:testCases.TC002_LoginTest@60856961]" name="verify_login" class="testCases.TC002_LoginTest"/>
      </group> <!-- Master -->
      <group name="Sanity">
        <method signature="TC002_LoginTest.verify_login()[pri:0, instance:testCases.TC002_LoginTest@60856961]" name="verify_login" class="testCases.TC002_LoginTest"/>
      </group> <!-- Sanity -->
      <group name="Regression">
        <method signature="TC001_AccountRegistrationTest.createObject()[pri:0, instance:testCases.TC001_AccountRegistrationTest@1458ed9c]" name="createObject" class="testCases.TC001_AccountRegistrationTest"/>
      </group> <!-- Regression -->
    </groups>
    <test started-at="2025-03-10T11:41:20 IST" name="Test" finished-at="2025-03-10T11:41:42 IST" duration-ms="21589">
      <class name="testCases.TC002_LoginTest">
        <test-method is-config="true" signature="initbrowser(java.lang.String,java.lang.String)[pri:0, instance:testCases.TC002_LoginTest@60856961]" started-at="2025-03-10T11:41:35 IST" name="initbrowser" finished-at="2025-03-10T11:41:39 IST" duration-ms="4297" status="PASS">
          <params>
            <param index="0">
              <value>
                <![CDATA[windows]]>
              </value>
            </param>
            <param index="1">
              <value>
                <![CDATA[chrome]]>
              </value>
            </param>
          </params>
          <reporter-output>
          </reporter-output>
        </test-method> <!-- initbrowser -->
        <test-method signature="verify_login()[pri:0, instance:testCases.TC002_LoginTest@60856961]" started-at="2025-03-10T11:41:39 IST" name="verify_login" finished-at="2025-03-10T11:41:41 IST" duration-ms="2198" status="PASS">
          <reporter-output>
          </reporter-output>
        </test-method> <!-- verify_login -->
        <test-method is-config="true" signature="tearDown()[pri:0, instance:testCases.TC002_LoginTest@60856961]" started-at="2025-03-10T11:41:42 IST" name="tearDown" finished-at="2025-03-10T11:41:42 IST" duration-ms="424" status="PASS">
          <reporter-output>
          </reporter-output>
        </test-method> <!-- tearDown -->
      </class> <!-- testCases.TC002_LoginTest -->
      <class name="testCases.TC001_AccountRegistrationTest">
        <test-method is-config="true" signature="initbrowser(java.lang.String,java.lang.String)[pri:0, instance:testCases.TC001_AccountRegistrationTest@1458ed9c]" started-at="2025-03-10T11:41:21 IST" name="initbrowser" finished-at="2025-03-10T11:41:30 IST" duration-ms="9631" status="PASS">
          <params>
            <param index="0">
              <value>
                <![CDATA[windows]]>
              </value>
            </param>
            <param index="1">
              <value>
                <![CDATA[chrome]]>
              </value>
            </param>
          </params>
          <reporter-output>
          </reporter-output>
        </test-method> <!-- initbrowser -->
        <test-method signature="createObject()[pri:0, instance:testCases.TC001_AccountRegistrationTest@1458ed9c]" started-at="2025-03-10T11:41:30 IST" name="createObject" finished-at="2025-03-10T11:41:35 IST" duration-ms="4193" status="PASS">
          <reporter-output>
          </reporter-output>
        </test-method> <!-- createObject -->
        <test-method is-config="true" signature="tearDown()[pri:0, instance:testCases.TC001_AccountRegistrationTest@1458ed9c]" started-at="2025-03-10T11:41:35 IST" name="tearDown" finished-at="2025-03-10T11:41:35 IST" duration-ms="438" status="PASS">
          <reporter-output>
          </reporter-output>
        </test-method> <!-- tearDown -->
      </class> <!-- testCases.TC001_AccountRegistrationTest -->
    </test> <!-- Test -->
  </suite> <!-- Master Suite -->
</testng-results>
