<?xml version="1.0" encoding="UTF-8"?>
<testng-results ignored="0" total="4" passed="4" failed="0" skipped="0">
  <reporter-output>
  </reporter-output>
  <suite started-at="2025-03-09T17:18:12 IST" name="Docker-grid Suite" finished-at="2025-03-09T17:20:52 IST" duration-ms="159777">
    <groups>
      <group name="Master">
        <method signature="TC001_AccountRegistrationTest.createObject()[pri:0, instance:testCases.TC001_AccountRegistrationTest@2f1de2d6]" name="createObject" class="testCases.TC001_AccountRegistrationTest"/>
        <method signature="TC002_LoginTest.verify_login()[pri:0, instance:testCases.TC002_LoginTest@5a18cd76]" name="verify_login" class="testCases.TC002_LoginTest"/>
        <method signature="TC001_AccountRegistrationTest.createObject()[pri:0, instance:testCases.TC001_AccountRegistrationTest@6aa3a905]" name="createObject" class="testCases.TC001_AccountRegistrationTest"/>
        <method signature="TC002_LoginTest.verify_login()[pri:0, instance:testCases.TC002_LoginTest@a22cb6a]" name="verify_login" class="testCases.TC002_LoginTest"/>
      </group> <!-- Master -->
      <group name="Sanity">
        <method signature="TC002_LoginTest.verify_login()[pri:0, instance:testCases.TC002_LoginTest@5a18cd76]" name="verify_login" class="testCases.TC002_LoginTest"/>
        <method signature="TC002_LoginTest.verify_login()[pri:0, instance:testCases.TC002_LoginTest@a22cb6a]" name="verify_login" class="testCases.TC002_LoginTest"/>
      </group> <!-- Sanity -->
      <group name="Regression">
        <method signature="TC001_AccountRegistrationTest.createObject()[pri:0, instance:testCases.TC001_AccountRegistrationTest@2f1de2d6]" name="createObject" class="testCases.TC001_AccountRegistrationTest"/>
        <method signature="TC001_AccountRegistrationTest.createObject()[pri:0, instance:testCases.TC001_AccountRegistrationTest@6aa3a905]" name="createObject" class="testCases.TC001_AccountRegistrationTest"/>
      </group> <!-- Regression -->
    </groups>
    <test started-at="2025-03-09T17:18:12 IST" name="Test" finished-at="2025-03-09T17:19:36 IST" duration-ms="84404">
      <class name="testCases.TC002_LoginTest">
        <test-method is-config="true" signature="initbrowser(java.lang.String,java.lang.String)[pri:0, instance:testCases.TC002_LoginTest@5a18cd76]" started-at="2025-03-09T17:19:20 IST" name="initbrowser" finished-at="2025-03-09T17:19:28 IST" duration-ms="7803" status="PASS">
          <params>
            <param index="0">
              <value>
                <![CDATA[Linux]]>
              </value>
            </param>
            <param index="1">
              <value>
                <![CDATA[chrome]]>
              </value>
            </param>
          </params>
          <reporter-output>
          </reporter-output>
        </test-method> <!-- initbrowser -->
        <test-method signature="verify_login()[pri:0, instance:testCases.TC002_LoginTest@5a18cd76]" started-at="2025-03-09T17:19:28 IST" name="verify_login" finished-at="2025-03-09T17:19:36 IST" duration-ms="8053" status="PASS">
          <reporter-output>
          </reporter-output>
        </test-method> <!-- verify_login -->
        <test-method is-config="true" signature="tearDown()[pri:0, instance:testCases.TC002_LoginTest@5a18cd76]" started-at="2025-03-09T17:19:36 IST" name="tearDown" finished-at="2025-03-09T17:19:36 IST" duration-ms="598" status="PASS">
          <reporter-output>
          </reporter-output>
        </test-method> <!-- tearDown -->
      </class> <!-- testCases.TC002_LoginTest -->
      <class name="testCases.TC001_AccountRegistrationTest">
        <test-method is-config="true" signature="initbrowser(java.lang.String,java.lang.String)[pri:0, instance:testCases.TC001_AccountRegistrationTest@2f1de2d6]" started-at="2025-03-09T17:18:15 IST" name="initbrowser" finished-at="2025-03-09T17:19:14 IST" duration-ms="59185" status="PASS">
          <params>
            <param index="0">
              <value>
                <![CDATA[Linux]]>
              </value>
            </param>
            <param index="1">
              <value>
                <![CDATA[chrome]]>
              </value>
            </param>
          </params>
          <reporter-output>
          </reporter-output>
        </test-method> <!-- initbrowser -->
        <test-method signature="createObject()[pri:0, instance:testCases.TC001_AccountRegistrationTest@2f1de2d6]" started-at="2025-03-09T17:19:14 IST" name="createObject" finished-at="2025-03-09T17:19:19 IST" duration-ms="5202" status="PASS">
          <reporter-output>
          </reporter-output>
        </test-method> <!-- createObject -->
        <test-method is-config="true" signature="tearDown()[pri:0, instance:testCases.TC001_AccountRegistrationTest@2f1de2d6]" started-at="2025-03-09T17:19:19 IST" name="tearDown" finished-at="2025-03-09T17:19:20 IST" duration-ms="625" status="PASS">
          <reporter-output>
          </reporter-output>
        </test-method> <!-- tearDown -->
      </class> <!-- testCases.TC001_AccountRegistrationTest -->
    </test> <!-- Test -->
    <test started-at="2025-03-09T17:19:37 IST" name="Test1" finished-at="2025-03-09T17:20:52 IST" duration-ms="74743">
      <class name="testCases.TC002_LoginTest">
        <test-method is-config="true" signature="initbrowser(java.lang.String,java.lang.String)[pri:0, instance:testCases.TC002_LoginTest@a22cb6a]" started-at="2025-03-09T17:20:32 IST" name="initbrowser" finished-at="2025-03-09T17:20:44 IST" duration-ms="12432" status="PASS">
          <params>
            <param index="0">
              <value>
                <![CDATA[Linux]]>
              </value>
            </param>
            <param index="1">
              <value>
                <![CDATA[firefox]]>
              </value>
            </param>
          </params>
          <reporter-output>
          </reporter-output>
        </test-method> <!-- initbrowser -->
        <test-method signature="verify_login()[pri:0, instance:testCases.TC002_LoginTest@a22cb6a]" started-at="2025-03-09T17:20:44 IST" name="verify_login" finished-at="2025-03-09T17:20:50 IST" duration-ms="5573" status="PASS">
          <reporter-output>
          </reporter-output>
        </test-method> <!-- verify_login -->
        <test-method is-config="true" signature="tearDown()[pri:0, instance:testCases.TC002_LoginTest@a22cb6a]" started-at="2025-03-09T17:20:50 IST" name="tearDown" finished-at="2025-03-09T17:20:52 IST" duration-ms="1741" status="PASS">
          <reporter-output>
          </reporter-output>
        </test-method> <!-- tearDown -->
      </class> <!-- testCases.TC002_LoginTest -->
      <class name="testCases.TC001_AccountRegistrationTest">
        <test-method is-config="true" signature="initbrowser(java.lang.String,java.lang.String)[pri:0, instance:testCases.TC001_AccountRegistrationTest@6aa3a905]" started-at="2025-03-09T17:19:37 IST" name="initbrowser" finished-at="2025-03-09T17:20:21 IST" duration-ms="43550" status="PASS">
          <params>
            <param index="0">
              <value>
                <![CDATA[Linux]]>
              </value>
            </param>
            <param index="1">
              <value>
                <![CDATA[firefox]]>
              </value>
            </param>
          </params>
          <reporter-output>
          </reporter-output>
        </test-method> <!-- initbrowser -->
        <test-method signature="createObject()[pri:0, instance:testCases.TC001_AccountRegistrationTest@6aa3a905]" started-at="2025-03-09T17:20:21 IST" name="createObject" finished-at="2025-03-09T17:20:27 IST" duration-ms="6592" status="PASS">
          <reporter-output>
          </reporter-output>
        </test-method> <!-- createObject -->
        <test-method is-config="true" signature="tearDown()[pri:0, instance:testCases.TC001_AccountRegistrationTest@6aa3a905]" started-at="2025-03-09T17:20:27 IST" name="tearDown" finished-at="2025-03-09T17:20:32 IST" duration-ms="4731" status="PASS">
          <reporter-output>
          </reporter-output>
        </test-method> <!-- tearDown -->
      </class> <!-- testCases.TC001_AccountRegistrationTest -->
    </test> <!-- Test1 -->
  </suite> <!-- Docker-grid Suite -->
</testng-results>
